<?xml version="1.0" encoding="UTF-8"?>
<!-- Generated by org.testng.reporters.JUnitReportReporter -->
<testsuite hostname="DESKTOP-M44OR5O" failures="0" tests="1" name="com.banking.masters.Luanch" time="26.079" errors="0" timestamp="2021-04-01T00:45:12 IST" skipped="0">
  <testcase classname="com.banking.masters.Luanch" name="luan" time="26.079"/>
  <system-out/>
</testsuite> <!-- com.banking.masters.Luanch -->
