<?xml version="1.0" encoding="UTF-8"?>
<!-- Generated by org.testng.reporters.JUnitReportReporter -->
<testsuite hostname="DESKTOP-M44OR5O" failures="0" tests="4" name="com.ranford.masters.Role" time="26.848" errors="0" timestamp="2021-03-30T17:18:40 IST" skipped="0">
  <testcase classname="com.ranford.masters.Role" name="role" time="6.588"/>
  <system-out/>
  <testcase classname="com.ranford.masters.Role" name="role" time="7.020"/>
  <system-out/>
  <testcase classname="com.ranford.masters.Role" name="role" time="6.502"/>
  <system-out/>
  <testcase classname="com.ranford.masters.Role" name="role" time="6.738"/>
  <system-out/>
</testsuite> <!-- com.ranford.masters.Role -->
