<?xml version="1.0" encoding="UTF-8"?>
<!-- Generated by org.testng.reporters.JUnitReportReporter -->
<testsuite hostname="DESKTOP-M44OR5O" failures="0" tests="1" name="com.ranford.masters.POMexe" time="14.945" errors="0" timestamp="2021-04-04T11:28:55 IST" skipped="0">
  <testcase classname="com.ranford.masters.POMexe" name="BranchCreation" time="14.945"/>
  <system-out/>
</testsuite> <!-- com.ranford.masters.POMexe -->
